#@ # 
#@ # Running icc_shell Version D-2010.03-ICC-SP5-2 for amd64 -- Feb 01, 2011
#@ # Date:   %sWed Apr 29 22:11:02 2020
#@ # Run by: student@Student
#@ 

start_gui
open_mw_lib /home/student/Desktop/Workspace/FFT/ICC/fft_chip.mw
open_mw_cel 6_2_chip_finish_final
win_set_filter -class cell -filter {cell_array }
win_set_filter -class placement_blockage -filter {wiring } -layer {}
win_set_filter -expand_cell_types {std io hard_macro soft_macro ilm other  }
win_set_select_class        {cell port plan_group edit_group shape via placement_blockage }
gui_zoom -window [gui_get_current_window -view] -full
gui_zoom -window [gui_get_current_window -view] -full
gui_zoom -window [gui_get_current_window -view] -full
gui_show_map -window [gui_get_current_window -types Layout -mru] -map {AREAPARTITION} -show {true}
report_congestion -grc_based -by_layer -routing_stage global
#@ # GUI Debug: Building dc from empty. -- Time: 16ms

report_congestion -grc_based -by_layer -routing_stage global
#@ # GUI Debug: Building dc from empty. -- Time: 2ms

gui_show_map -window [gui_get_current_window -types Layout -mru] -map {voltage_drop} -show {true}
load_fp_rail_map -type IR -net VDD
open_mw_cel 6_1_chip_finish_critical_area
change_working_design_stack {6_2_chip_finish_final.CEL;1}
open_mw_cel 5_route_final
gui_zoom -window [gui_get_current_window -view] -full
gui_show_map -window [gui_get_current_window -types Layout -mru] -map {AREAPARTITION} -show {true}
report_congestion -grc_based -by_layer -routing_stage global
#@ # GUI Debug: Building dc from empty. -- Time: 1ms

open_mw_cel 4_1_clock_cts
gui_zoom -window [gui_get_current_window -view] -full
open_mw_cel 4_2_clock_psyn
gui_zoom -window [gui_get_current_window -view] -full
change_working_design_stack {4_1_clock_cts.CEL;1}
open_mw_cel 4_3_clock_route
gui_zoom -window [gui_get_current_window -view] -full
change_working_design_stack {4_1_clock_cts.CEL;1}
change_working_design_stack {5_route_final.CEL;1}
open_mw_cel 2_1_floorplan_init
open_mw_cel 2_2_floorplan_pns
change_working_design_stack {2_1_floorplan_init.CEL;1}
open_mw_cel 2_3_floorplan_complete
gui_zoom -window [gui_get_current_window -view] -full
change_working_design_stack {2_1_floorplan_init.CEL;1}
open_mw_cel 3_1_place_setup
open_mw_cel 3_2_place_complete
current_mw_cel {2_3_floorplan_complete.CEL;1}
gui_show_map -window [gui_get_current_window -types Layout -mru] -map {AREAPARTITION} -show {true}
report_congestion -grc_based -by_layer -routing_stage global
#@ # GUI Debug: Building dc from empty. -- Time: 1ms

gui_show_map -window [gui_get_current_window -types Layout -mru] -map {voltage_drop} -show {true}
load_fp_rail_map -type IR -net VDD
change_working_design_stack {3_2_place_complete.CEL;1}
change_working_design_stack {3_1_place_setup.CEL;1}
change_working_design_stack {2_1_floorplan_init.CEL;1}
change_working_design_stack {5_route_final.CEL;1}
change_working_design_stack {6_2_chip_finish_final.CEL;1}
load_fp_rail_map -type IR -net VDD
gui_show_map -window [gui_get_current_window -types Layout -mru] -map {voltage_drop} -show {false}
gui_zoom -window [gui_get_current_window -view] -full
gui_zoom -window [gui_get_current_window -view] -full
gui_mouse_tool -window [gui_get_current_window -types Layout -mru] -start RulerTool
gui_mouse_tool -window [gui_get_current_window -types Layout -mru] -add_point {2092.954 -0.001} -scale 3.4537
gui_mouse_tool -window [gui_get_current_window -types Layout -mru] -add_point {0.000 -0.001} -scale 3.4537
gui_zoom -window [gui_get_current_window -view] -full
gui_mouse_tool -window [gui_get_current_window -types Layout -mru] -reset
gui_mouse_tool -window [gui_get_current_window -types Layout -mru] -add_point {0.000 2244.916} -scale 3.4537
gui_mouse_tool -window [gui_get_current_window -types Layout -mru] -add_point {2092.954 2227.648} -scale 3.4537
gui_mouse_tool -window [gui_get_current_window -types Layout -mru] -add_point {2393.427 1567.987} -scale 3.4537
gui_mouse_tool -window [gui_get_current_window -types Layout -mru] -apply
gui_mouse_tool -window [gui_get_current_window -types Layout -mru] -reset
win_select_objects -slct_targets global -at {535.326 2241.463} -radius 17.269
change_selection 
gui_mouse_tool -window [gui_get_current_window -types Layout -mru] -start RulerTool
gui_remove_all_rulers -window [gui_get_current_window -types Layout -mru];  gui_remove_all_rulers -window global
gui_mouse_tool -window [gui_get_current_window -types Layout -mru] -add_point {0.000 2244.916} -scale 3.4537
gui_mouse_tool -window [gui_get_current_window -types Layout -mru] -add_point {2092.954 2220.740} -scale 3.4537
gui_mouse_tool -window [gui_get_current_window -types Layout -mru] -add_point {2092.954 2220.740} -scale 3.4537
gui_mouse_tool -window [gui_get_current_window -types Layout -mru] -apply
gui_mouse_tool -window [gui_get_current_window -types Layout -mru] -add_point {2092.954 2248.370} -scale 3.4537
gui_mouse_tool -window [gui_get_current_window -types Layout -mru] -reset
gui_mouse_tool -window [gui_get_current_window -types Layout -mru] -add_point {2092.954 2244.916} -scale 3.4537
gui_mouse_tool -window [gui_get_current_window -types Layout -mru] -add_point {2106.769 -0.001} -scale 3.4537
gui_mouse_tool -window [gui_get_current_window -types Layout -mru] -add_point {2106.769 -0.001} -scale 3.4537
gui_mouse_tool -window [gui_get_current_window -types Layout -mru] -apply
gui_mouse_tool -window [gui_get_current_window -types Layout -mru] -reset
gui_zoom -window [gui_get_current_window -view] -full
gui_zoom -window [gui_get_current_window -view] -full
gui_remove_all_rulers -window [gui_get_current_window -types Layout -mru];  gui_remove_all_rulers -window global
gui_remove_all_rulers -window [gui_get_current_window -types Layout -mru];  gui_remove_all_rulers -window global
gui_show_map -window [gui_get_current_window -types Layout -mru] -map {AREAPARTITION} -show {true}
report_congestion -grc_based -by_layer -routing_stage global
#@ # GUI Debug: Building dc from empty. -- Time: 1ms

cd ..
exit
