Warning: Design 'fft_chip' has '12' unresolved references. For more detailed information, use the "link" command. (UID-341)
 
****************************************
Report : area
Design : fft_chip
Version: D-2010.03-SP5-3
Date   : Thu Mar 21 19:38:15 2019
****************************************

Library(s) Used:

    slow (File: /home/student/Desktop/Workspace/SMIC18/db/slow.db)
    SP018W_V1p5_max (File: /home/student/Desktop/Workspace/SMIC18/db/SP018W_V1p5_max.db)

Number of ports:               70
Number of nets:               140
Number of cells:               71
Number of references:           3

Combinational area:       1193777.055089
Noncombinational area:    152043.095253
Net Interconnect area:    1042445.355225

Total cell area:          1345820.150342
Total area:               2388265.505567
1
