 
****************************************
Report : timing
        -path full
        -delay max
        -max_paths 1
Design : fft_chip
Version: D-2010.03-SP5-3
Date   : Thu Mar 21 23:30:11 2019
****************************************

 # A fanout number of 1000 was used for high fanout net computations.

Operating Conditions: slow   Library: slow
Wire Load Model Mode: segmented

  Startpoint: inst_fft/mux0/counter_reg[1]
              (rising edge-triggered flip-flop clocked by clk)
  Endpoint: inst_fft/p_s0/R0_reg[15]
            (rising edge-triggered flip-flop clocked by clk)
  Path Group: clk
  Path Type: max

  Des/Clust/Port     Wire Load Model       Library
  ------------------------------------------------
  fft_chip           smic18_wl10           slow

  Point                                                   Incr       Path
  --------------------------------------------------------------------------
  clock clk (rise edge)                                   0.00       0.00
  clock network delay (ideal)                             4.30       4.30
  inst_fft/mux0/counter_reg[1]/CK (DFFRHQX4)              0.00 #     4.30 r
  inst_fft/mux0/counter_reg[1]/Q (DFFRHQX4)               0.42       4.72 r
  inst_fft/mux0/U23/Y (NOR3BX4)                           0.31       5.02 r
  inst_fft/mux0/U41/Y (NAND2X4)                           0.16       5.19 f
  inst_fft/mux0/U63/Y (INVX8)                             0.13       5.32 r
  inst_fft/mux0/U52/Y (NAND2BX2)                          0.12       5.43 f
  inst_fft/mux0/U71/Y (OAI2BB1X4)                         0.24       5.68 r
  inst_fft/mux0/data_out[84] (mux)                        0.00       5.68 r
  inst_fft/butterfly0/calc_in[84] (butterfly)             0.00       5.68 r
  inst_fft/butterfly0/multiCIR/in_17bit[16] (multi16_5)
                                                          0.00       5.68 r
  inst_fft/butterfly0/multiCIR/U40/Y (INVX4)              0.08       5.76 f
  inst_fft/butterfly0/multiCIR/U23/Y (BUFX12)             0.18       5.94 f
  inst_fft/butterfly0/multiCIR/U32/Y (INVX8)              0.12       6.05 r
  inst_fft/butterfly0/multiCIR/U46/Y (XOR2X2)             0.35       6.40 f
  inst_fft/butterfly0/multiCIR/U37/Y (NOR2X4)             0.15       6.55 r
  inst_fft/butterfly0/multiCIR/U61/Y (XOR2X4)             0.39       6.95 r
  inst_fft/butterfly0/multiCIR/out[4] (multi16_5)         0.00       6.95 r
  inst_fft/butterfly0/add_279/B[4] (butterfly_DW01_add_147)
                                                          0.00       6.95 r
  inst_fft/butterfly0/add_279/U12/Y (NAND2XL)             0.19       7.14 f
  inst_fft/butterfly0/add_279/U88/Y (AND3X2)              0.26       7.40 f
  inst_fft/butterfly0/add_279/U87/Y (AND2X4)              0.22       7.62 f
  inst_fft/butterfly0/add_279/U173/Y (OAI21X4)            0.16       7.78 r
  inst_fft/butterfly0/add_279/U65/Y (XOR2X4)              0.30       8.07 r
  inst_fft/butterfly0/add_279/SUM[6] (butterfly_DW01_add_147)
                                                          0.00       8.07 r
  inst_fft/butterfly0/U58/Y (BUFX20)                      0.21       8.29 r
  inst_fft/butterfly0/add_2_root_add_0_root_add_293_3/B[6] (butterfly_DW01_add_123)
                                                          0.00       8.29 r
  inst_fft/butterfly0/add_2_root_add_0_root_add_293_3/U20/Y (OR2X2)
                                                          0.27       8.55 r
  inst_fft/butterfly0/add_2_root_add_0_root_add_293_3/U130/Y (NAND4X2)
                                                          0.28       8.84 f
  inst_fft/butterfly0/add_2_root_add_0_root_add_293_3/U70/Y (NAND2BX4)
                                                          0.26       9.10 f
  inst_fft/butterfly0/add_2_root_add_0_root_add_293_3/U55/Y (NAND3BX4)
                                                          0.16       9.27 r
  inst_fft/butterfly0/add_2_root_add_0_root_add_293_3/U75/Y (AOI21X4)
                                                          0.12       9.39 f
  inst_fft/butterfly0/add_2_root_add_0_root_add_293_3/U151/Y (OAI21X4)
                                                          0.17       9.56 r
  inst_fft/butterfly0/add_2_root_add_0_root_add_293_3/U103/Y (XOR2X4)
                                                          0.30       9.85 f
  inst_fft/butterfly0/add_2_root_add_0_root_add_293_3/SUM[11] (butterfly_DW01_add_123)
                                                          0.00       9.85 f
  inst_fft/butterfly0/add_0_root_add_0_root_add_293_3/A[11] (butterfly_DW01_add_88)
                                                          0.00       9.85 f
  inst_fft/butterfly0/add_0_root_add_0_root_add_293_3/U89/Y (OR2X4)
                                                          0.29      10.15 f
  inst_fft/butterfly0/add_0_root_add_0_root_add_293_3/U184/Y (NAND2BX4)
                                                          0.14      10.29 r
  inst_fft/butterfly0/add_0_root_add_0_root_add_293_3/U90/Y (INVX8)
                                                          0.07      10.36 f
  inst_fft/butterfly0/add_0_root_add_0_root_add_293_3/U101/Y (NOR2BX4)
                                                          0.13      10.49 r
  inst_fft/butterfly0/add_0_root_add_0_root_add_293_3/U100/Y (INVX4)
                                                          0.07      10.55 f
  inst_fft/butterfly0/add_0_root_add_0_root_add_293_3/U105/Y (NOR2X4)
                                                          0.09      10.64 r
  inst_fft/butterfly0/add_0_root_add_0_root_add_293_3/U104/Y (AND2X4)
                                                          0.17      10.82 r
  inst_fft/butterfly0/add_0_root_add_0_root_add_293_3/U81/Y (NOR2X4)
                                                          0.07      10.89 f
  inst_fft/butterfly0/add_0_root_add_0_root_add_293_3/U175/Y (NOR2X4)
                                                          0.12      11.01 r
  inst_fft/butterfly0/add_0_root_add_0_root_add_293_3/U174/Y (XOR2X4)
                                                          0.24      11.25 f
  inst_fft/butterfly0/add_0_root_add_0_root_add_293_3/U99/Y (BUFX20)
                                                          0.18      11.43 f
  inst_fft/butterfly0/add_0_root_add_0_root_add_293_3/SUM[15] (butterfly_DW01_add_88)
                                                          0.00      11.43 f
  inst_fft/butterfly0/calc_out[15] (butterfly)            0.00      11.43 f
  inst_fft/p_s0/data_in_3[15] (p_s)                       0.00      11.43 f
  inst_fft/p_s0/U70/Y (MX2X2)                             0.23      11.66 f
  inst_fft/p_s0/R0_reg[15]/D (DFFXL)                      0.00      11.66 f
  data arrival time                                                 11.66

  clock clk (rise edge)                                   8.00       8.00
  clock network delay (ideal)                             4.30      12.30
  clock uncertainty                                      -0.50      11.80
  inst_fft/p_s0/R0_reg[15]/CK (DFFXL)                     0.00      11.80 r
  library setup time                                     -0.14      11.66
  data required time                                                11.66
  --------------------------------------------------------------------------
  data required time                                                11.66
  data arrival time                                                -11.66
  --------------------------------------------------------------------------
  slack (MET)                                                        0.00


1
